[2016-06-15 00:11:39] local.ERROR: exception 'InvalidArgumentException' with message 'The current node list is empty.' in /var/www/avto-services/vendor/symfony/dom-crawler/Crawler.php:566
Stack trace:
#0 /var/www/avto-services/app/Jobs/Parse.php(59): Symfony\Component\DomCrawler\Crawler->html()
#1 [internal function]: App\Jobs\Parse->handle()
#2 /var/www/avto-services/vendor/laravel/framework/src/Illuminate/Container/Container.php(507): call_user_func_array(Array, Array)
#3 /var/www/avto-services/vendor/laravel/framework/src/Illuminate/Bus/Dispatcher.php(82): Illuminate\Container\Container->call(Array)
#4 [internal function]: Illuminate\Bus\Dispatcher->Illuminate\Bus\{closure}(Object(App\Jobs\Parse))
#5 /var/www/avto-services/vendor/laravel/framework/src/Illuminate/Pipeline/Pipeline.php(150): call_user_func(Object(Closure), Object(App\Jobs\Parse))
#6 [internal function]: Illuminate\Pipeline\Pipeline->Illuminate\Pipeline\{closure}(Object(App\Jobs\Parse))
#7 /var/www/avto-services/vendor/laravel/framework/src/Illuminate/Pipeline/Pipeline.php(103): call_user_func(Object(Closure), Object(App\Jobs\Parse))
#8 /var/www/avto-services/vendor/laravel/framework/src/Illuminate/Bus/Dispatcher.php(83): Illuminate\Pipeline\Pipeline->then(Object(Closure))
#9 /var/www/avto-services/vendor/laravel/framework/src/Illuminate/Queue/CallQueuedHandler.php(41): Illuminate\Bus\Dispatcher->dispatchNow(Object(App\Jobs\Parse))
#10 /var/www/avto-services/vendor/laravel/framework/src/Illuminate/Queue/Jobs/Job.php(130): Illuminate\Queue\CallQueuedHandler->call(Object(Illuminate\Queue\Jobs\SyncJob), Array)
#11 /var/www/avto-services/vendor/laravel/framework/src/Illuminate/Queue/Jobs/SyncJob.php(44): Illuminate\Queue\Jobs\Job->resolveAndFire(Array)
#12 /var/www/avto-services/vendor/laravel/framework/src/Illuminate/Queue/SyncQueue.php(30): Illuminate\Queue\Jobs\SyncJob->fire()
#13 /var/www/avto-services/vendor/laravel/framework/src/Illuminate/Queue/Queue.php(32): Illuminate\Queue\SyncQueue->push(Object(App\Jobs\Parse), '', 'parse')
#14 /var/www/avto-services/vendor/laravel/framework/src/Illuminate/Bus/Dispatcher.php(136): Illuminate\Queue\Queue->pushOn('parse', Object(App\Jobs\Parse))
#15 /var/www/avto-services/vendor/laravel/framework/src/Illuminate/Bus/Dispatcher.php(118): Illuminate\Bus\Dispatcher->pushCommandToQueue(Object(Illuminate\Queue\SyncQueue), Object(App\Jobs\Parse))
#16 /var/www/avto-services/vendor/laravel/framework/src/Illuminate/Bus/Dispatcher.php(67): Illuminate\Bus\Dispatcher->dispatchToQueue(Object(App\Jobs\Parse))
#17 /var/www/avto-services/vendor/laravel/framework/src/Illuminate/Foundation/helpers.php(323): Illuminate\Bus\Dispatcher->dispatch(Object(App\Jobs\Parse))
#18 /var/www/avto-services/app/Console/Commands/FillParseQueue.php(58): dispatch(Object(App\Jobs\Parse))
#19 [internal function]: App\Console\Commands\FillParseQueue->handle()
#20 /var/www/avto-services/vendor/laravel/framework/src/Illuminate/Container/Container.php(507): call_user_func_array(Array, Array)
#21 /var/www/avto-services/vendor/laravel/framework/src/Illuminate/Console/Command.php(169): Illuminate\Container\Container->call(Array)
#22 /var/www/avto-services/vendor/symfony/console/Command/Command.php(256): Illuminate\Console\Command->execute(Object(Symfony\Component\Console\Input\ArgvInput), Object(Symfony\Component\Console\Output\ConsoleOutput))
#23 /var/www/avto-services/vendor/laravel/framework/src/Illuminate/Console/Command.php(155): Symfony\Component\Console\Command\Command->run(Object(Symfony\Component\Console\Input\ArgvInput), Object(Symfony\Component\Console\Output\ConsoleOutput))
#24 /var/www/avto-services/vendor/symfony/console/Application.php(791): Illuminate\Console\Command->run(Object(Symfony\Component\Console\Input\ArgvInput), Object(Symfony\Component\Console\Output\ConsoleOutput))
#25 /var/www/avto-services/vendor/symfony/console/Application.php(186): Symfony\Component\Console\Application->doRunCommand(Object(App\Console\Commands\FillParseQueue), Object(Symfony\Component\Console\Input\ArgvInput), Object(Symfony\Component\Console\Output\ConsoleOutput))
#26 /var/www/avto-services/vendor/symfony/console/Application.php(117): Symfony\Component\Console\Application->doRun(Object(Symfony\Component\Console\Input\ArgvInput), Object(Symfony\Component\Console\Output\ConsoleOutput))
#27 /var/www/avto-services/vendor/laravel/framework/src/Illuminate/Foundation/Console/Kernel.php(107): Symfony\Component\Console\Application->run(Object(Symfony\Component\Console\Input\ArgvInput), Object(Symfony\Component\Console\Output\ConsoleOutput))
#28 /var/www/avto-services/artisan(36): Illuminate\Foundation\Console\Kernel->handle(Object(Symfony\Component\Console\Input\ArgvInput), Object(Symfony\Component\Console\Output\ConsoleOutput))
#29 {main}  
[2016-06-15 00:13:31] local.ERROR: exception 'InvalidArgumentException' with message 'The current node list is empty.' in /var/www/avto-services/vendor/symfony/dom-crawler/Crawler.php:566
Stack trace:
#0 /var/www/avto-services/app/Jobs/Parse.php(59): Symfony\Component\DomCrawler\Crawler->html()
#1 [internal function]: App\Jobs\Parse->handle()
#2 /var/www/avto-services/vendor/laravel/framework/src/Illuminate/Container/Container.php(507): call_user_func_array(Array, Array)
#3 /var/www/avto-services/vendor/laravel/framework/src/Illuminate/Bus/Dispatcher.php(82): Illuminate\Container\Container->call(Array)
#4 [internal function]: Illuminate\Bus\Dispatcher->Illuminate\Bus\{closure}(Object(App\Jobs\Parse))
#5 /var/www/avto-services/vendor/laravel/framework/src/Illuminate/Pipeline/Pipeline.php(150): call_user_func(Object(Closure), Object(App\Jobs\Parse))
#6 [internal function]: Illuminate\Pipeline\Pipeline->Illuminate\Pipeline\{closure}(Object(App\Jobs\Parse))
#7 /var/www/avto-services/vendor/laravel/framework/src/Illuminate/Pipeline/Pipeline.php(103): call_user_func(Object(Closure), Object(App\Jobs\Parse))
#8 /var/www/avto-services/vendor/laravel/framework/src/Illuminate/Bus/Dispatcher.php(83): Illuminate\Pipeline\Pipeline->then(Object(Closure))
#9 /var/www/avto-services/vendor/laravel/framework/src/Illuminate/Queue/CallQueuedHandler.php(41): Illuminate\Bus\Dispatcher->dispatchNow(Object(App\Jobs\Parse))
#10 /var/www/avto-services/vendor/laravel/framework/src/Illuminate/Queue/Jobs/Job.php(130): Illuminate\Queue\CallQueuedHandler->call(Object(Illuminate\Queue\Jobs\SyncJob), Array)
#11 /var/www/avto-services/vendor/laravel/framework/src/Illuminate/Queue/Jobs/SyncJob.php(44): Illuminate\Queue\Jobs\Job->resolveAndFire(Array)
#12 /var/www/avto-services/vendor/laravel/framework/src/Illuminate/Queue/SyncQueue.php(30): Illuminate\Queue\Jobs\SyncJob->fire()
#13 /var/www/avto-services/vendor/laravel/framework/src/Illuminate/Queue/Queue.php(32): Illuminate\Queue\SyncQueue->push(Object(App\Jobs\Parse), '', 'parse')
#14 /var/www/avto-services/vendor/laravel/framework/src/Illuminate/Bus/Dispatcher.php(136): Illuminate\Queue\Queue->pushOn('parse', Object(App\Jobs\Parse))
#15 /var/www/avto-services/vendor/laravel/framework/src/Illuminate/Bus/Dispatcher.php(118): Illuminate\Bus\Dispatcher->pushCommandToQueue(Object(Illuminate\Queue\SyncQueue), Object(App\Jobs\Parse))
#16 /var/www/avto-services/vendor/laravel/framework/src/Illuminate/Bus/Dispatcher.php(67): Illuminate\Bus\Dispatcher->dispatchToQueue(Object(App\Jobs\Parse))
#17 /var/www/avto-services/vendor/laravel/framework/src/Illuminate/Foundation/helpers.php(323): Illuminate\Bus\Dispatcher->dispatch(Object(App\Jobs\Parse))
#18 /var/www/avto-services/app/Console/Commands/FillParseQueue.php(58): dispatch(Object(App\Jobs\Parse))
#19 [internal function]: App\Console\Commands\FillParseQueue->handle()
#20 /var/www/avto-services/vendor/laravel/framework/src/Illuminate/Container/Container.php(507): call_user_func_array(Array, Array)
#21 /var/www/avto-services/vendor/laravel/framework/src/Illuminate/Console/Command.php(169): Illuminate\Container\Container->call(Array)
#22 /var/www/avto-services/vendor/symfony/console/Command/Command.php(256): Illuminate\Console\Command->execute(Object(Symfony\Component\Console\Input\ArgvInput), Object(Symfony\Component\Console\Output\ConsoleOutput))
#23 /var/www/avto-services/vendor/laravel/framework/src/Illuminate/Console/Command.php(155): Symfony\Component\Console\Command\Command->run(Object(Symfony\Component\Console\Input\ArgvInput), Object(Symfony\Component\Console\Output\ConsoleOutput))
#24 /var/www/avto-services/vendor/symfony/console/Application.php(791): Illuminate\Console\Command->run(Object(Symfony\Component\Console\Input\ArgvInput), Object(Symfony\Component\Console\Output\ConsoleOutput))
#25 /var/www/avto-services/vendor/symfony/console/Application.php(186): Symfony\Component\Console\Application->doRunCommand(Object(App\Console\Commands\FillParseQueue), Object(Symfony\Component\Console\Input\ArgvInput), Object(Symfony\Component\Console\Output\ConsoleOutput))
#26 /var/www/avto-services/vendor/symfony/console/Application.php(117): Symfony\Component\Console\Application->doRun(Object(Symfony\Component\Console\Input\ArgvInput), Object(Symfony\Component\Console\Output\ConsoleOutput))
#27 /var/www/avto-services/vendor/laravel/framework/src/Illuminate/Foundation/Console/Kernel.php(107): Symfony\Component\Console\Application->run(Object(Symfony\Component\Console\Input\ArgvInput), Object(Symfony\Component\Console\Output\ConsoleOutput))
#28 /var/www/avto-services/artisan(36): Illuminate\Foundation\Console\Kernel->handle(Object(Symfony\Component\Console\Input\ArgvInput), Object(Symfony\Component\Console\Output\ConsoleOutput))
#29 {main}  
[2016-06-15 00:34:47] local.ERROR: exception 'InvalidArgumentException' with message 'The current node list is empty.' in /var/www/avto-services/vendor/symfony/dom-crawler/Crawler.php:566
Stack trace:
#0 /var/www/avto-services/app/Jobs/Parse.php(59): Symfony\Component\DomCrawler\Crawler->html()
#1 [internal function]: App\Jobs\Parse->handle()
#2 /var/www/avto-services/vendor/laravel/framework/src/Illuminate/Container/Container.php(507): call_user_func_array(Array, Array)
#3 /var/www/avto-services/vendor/laravel/framework/src/Illuminate/Bus/Dispatcher.php(82): Illuminate\Container\Container->call(Array)
#4 [internal function]: Illuminate\Bus\Dispatcher->Illuminate\Bus\{closure}(Object(App\Jobs\Parse))
#5 /var/www/avto-services/vendor/laravel/framework/src/Illuminate/Pipeline/Pipeline.php(150): call_user_func(Object(Closure), Object(App\Jobs\Parse))
#6 [internal function]: Illuminate\Pipeline\Pipeline->Illuminate\Pipeline\{closure}(Object(App\Jobs\Parse))
#7 /var/www/avto-services/vendor/laravel/framework/src/Illuminate/Pipeline/Pipeline.php(103): call_user_func(Object(Closure), Object(App\Jobs\Parse))
#8 /var/www/avto-services/vendor/laravel/framework/src/Illuminate/Bus/Dispatcher.php(83): Illuminate\Pipeline\Pipeline->then(Object(Closure))
#9 /var/www/avto-services/vendor/laravel/framework/src/Illuminate/Queue/CallQueuedHandler.php(41): Illuminate\Bus\Dispatcher->dispatchNow(Object(App\Jobs\Parse))
#10 /var/www/avto-services/vendor/laravel/framework/src/Illuminate/Queue/Jobs/Job.php(130): Illuminate\Queue\CallQueuedHandler->call(Object(Illuminate\Queue\Jobs\SyncJob), Array)
#11 /var/www/avto-services/vendor/laravel/framework/src/Illuminate/Queue/Jobs/SyncJob.php(44): Illuminate\Queue\Jobs\Job->resolveAndFire(Array)
#12 /var/www/avto-services/vendor/laravel/framework/src/Illuminate/Queue/SyncQueue.php(30): Illuminate\Queue\Jobs\SyncJob->fire()
#13 /var/www/avto-services/vendor/laravel/framework/src/Illuminate/Queue/Queue.php(32): Illuminate\Queue\SyncQueue->push(Object(App\Jobs\Parse), '', 'parse')
#14 /var/www/avto-services/vendor/laravel/framework/src/Illuminate/Bus/Dispatcher.php(136): Illuminate\Queue\Queue->pushOn('parse', Object(App\Jobs\Parse))
#15 /var/www/avto-services/vendor/laravel/framework/src/Illuminate/Bus/Dispatcher.php(118): Illuminate\Bus\Dispatcher->pushCommandToQueue(Object(Illuminate\Queue\SyncQueue), Object(App\Jobs\Parse))
#16 /var/www/avto-services/vendor/laravel/framework/src/Illuminate/Bus/Dispatcher.php(67): Illuminate\Bus\Dispatcher->dispatchToQueue(Object(App\Jobs\Parse))
#17 /var/www/avto-services/vendor/laravel/framework/src/Illuminate/Foundation/helpers.php(323): Illuminate\Bus\Dispatcher->dispatch(Object(App\Jobs\Parse))
#18 /var/www/avto-services/app/Console/Commands/FillParseQueue.php(58): dispatch(Object(App\Jobs\Parse))
#19 [internal function]: App\Console\Commands\FillParseQueue->handle()
#20 /var/www/avto-services/vendor/laravel/framework/src/Illuminate/Container/Container.php(507): call_user_func_array(Array, Array)
#21 /var/www/avto-services/vendor/laravel/framework/src/Illuminate/Console/Command.php(169): Illuminate\Container\Container->call(Array)
#22 /var/www/avto-services/vendor/symfony/console/Command/Command.php(256): Illuminate\Console\Command->execute(Object(Symfony\Component\Console\Input\ArgvInput), Object(Symfony\Component\Console\Output\ConsoleOutput))
#23 /var/www/avto-services/vendor/laravel/framework/src/Illuminate/Console/Command.php(155): Symfony\Component\Console\Command\Command->run(Object(Symfony\Component\Console\Input\ArgvInput), Object(Symfony\Component\Console\Output\ConsoleOutput))
#24 /var/www/avto-services/vendor/symfony/console/Application.php(791): Illuminate\Console\Command->run(Object(Symfony\Component\Console\Input\ArgvInput), Object(Symfony\Component\Console\Output\ConsoleOutput))
#25 /var/www/avto-services/vendor/symfony/console/Application.php(186): Symfony\Component\Console\Application->doRunCommand(Object(App\Console\Commands\FillParseQueue), Object(Symfony\Component\Console\Input\ArgvInput), Object(Symfony\Component\Console\Output\ConsoleOutput))
#26 /var/www/avto-services/vendor/symfony/console/Application.php(117): Symfony\Component\Console\Application->doRun(Object(Symfony\Component\Console\Input\ArgvInput), Object(Symfony\Component\Console\Output\ConsoleOutput))
#27 /var/www/avto-services/vendor/laravel/framework/src/Illuminate/Foundation/Console/Kernel.php(107): Symfony\Component\Console\Application->run(Object(Symfony\Component\Console\Input\ArgvInput), Object(Symfony\Component\Console\Output\ConsoleOutput))
#28 /var/www/avto-services/artisan(36): Illuminate\Foundation\Console\Kernel->handle(Object(Symfony\Component\Console\Input\ArgvInput), Object(Symfony\Component\Console\Output\ConsoleOutput))
#29 {main}  
[2016-06-15 00:58:28] local.ERROR: exception 'InvalidArgumentException' with message 'The current node list is empty.' in /var/www/avto-services/vendor/symfony/dom-crawler/Crawler.php:566
Stack trace:
#0 /var/www/avto-services/app/Jobs/Parse.php(59): Symfony\Component\DomCrawler\Crawler->html()
#1 [internal function]: App\Jobs\Parse->handle()
#2 /var/www/avto-services/vendor/laravel/framework/src/Illuminate/Container/Container.php(507): call_user_func_array(Array, Array)
#3 /var/www/avto-services/vendor/laravel/framework/src/Illuminate/Bus/Dispatcher.php(82): Illuminate\Container\Container->call(Array)
#4 [internal function]: Illuminate\Bus\Dispatcher->Illuminate\Bus\{closure}(Object(App\Jobs\Parse))
#5 /var/www/avto-services/vendor/laravel/framework/src/Illuminate/Pipeline/Pipeline.php(150): call_user_func(Object(Closure), Object(App\Jobs\Parse))
#6 [internal function]: Illuminate\Pipeline\Pipeline->Illuminate\Pipeline\{closure}(Object(App\Jobs\Parse))
#7 /var/www/avto-services/vendor/laravel/framework/src/Illuminate/Pipeline/Pipeline.php(103): call_user_func(Object(Closure), Object(App\Jobs\Parse))
#8 /var/www/avto-services/vendor/laravel/framework/src/Illuminate/Bus/Dispatcher.php(83): Illuminate\Pipeline\Pipeline->then(Object(Closure))
#9 /var/www/avto-services/vendor/laravel/framework/src/Illuminate/Queue/CallQueuedHandler.php(41): Illuminate\Bus\Dispatcher->dispatchNow(Object(App\Jobs\Parse))
#10 /var/www/avto-services/vendor/laravel/framework/src/Illuminate/Queue/Jobs/Job.php(130): Illuminate\Queue\CallQueuedHandler->call(Object(Illuminate\Queue\Jobs\SyncJob), Array)
#11 /var/www/avto-services/vendor/laravel/framework/src/Illuminate/Queue/Jobs/SyncJob.php(44): Illuminate\Queue\Jobs\Job->resolveAndFire(Array)
#12 /var/www/avto-services/vendor/laravel/framework/src/Illuminate/Queue/SyncQueue.php(30): Illuminate\Queue\Jobs\SyncJob->fire()
#13 /var/www/avto-services/vendor/laravel/framework/src/Illuminate/Queue/Queue.php(32): Illuminate\Queue\SyncQueue->push(Object(App\Jobs\Parse), '', 'parse')
#14 /var/www/avto-services/vendor/laravel/framework/src/Illuminate/Bus/Dispatcher.php(136): Illuminate\Queue\Queue->pushOn('parse', Object(App\Jobs\Parse))
#15 /var/www/avto-services/vendor/laravel/framework/src/Illuminate/Bus/Dispatcher.php(118): Illuminate\Bus\Dispatcher->pushCommandToQueue(Object(Illuminate\Queue\SyncQueue), Object(App\Jobs\Parse))
#16 /var/www/avto-services/vendor/laravel/framework/src/Illuminate/Bus/Dispatcher.php(67): Illuminate\Bus\Dispatcher->dispatchToQueue(Object(App\Jobs\Parse))
#17 /var/www/avto-services/vendor/laravel/framework/src/Illuminate/Foundation/helpers.php(323): Illuminate\Bus\Dispatcher->dispatch(Object(App\Jobs\Parse))
#18 /var/www/avto-services/app/Console/Commands/FillParseQueue.php(58): dispatch(Object(App\Jobs\Parse))
#19 [internal function]: App\Console\Commands\FillParseQueue->handle()
#20 /var/www/avto-services/vendor/laravel/framework/src/Illuminate/Container/Container.php(507): call_user_func_array(Array, Array)
#21 /var/www/avto-services/vendor/laravel/framework/src/Illuminate/Console/Command.php(169): Illuminate\Container\Container->call(Array)
#22 /var/www/avto-services/vendor/symfony/console/Command/Command.php(256): Illuminate\Console\Command->execute(Object(Symfony\Component\Console\Input\ArgvInput), Object(Symfony\Component\Console\Output\ConsoleOutput))
#23 /var/www/avto-services/vendor/laravel/framework/src/Illuminate/Console/Command.php(155): Symfony\Component\Console\Command\Command->run(Object(Symfony\Component\Console\Input\ArgvInput), Object(Symfony\Component\Console\Output\ConsoleOutput))
#24 /var/www/avto-services/vendor/symfony/console/Application.php(791): Illuminate\Console\Command->run(Object(Symfony\Component\Console\Input\ArgvInput), Object(Symfony\Component\Console\Output\ConsoleOutput))
#25 /var/www/avto-services/vendor/symfony/console/Application.php(186): Symfony\Component\Console\Application->doRunCommand(Object(App\Console\Commands\FillParseQueue), Object(Symfony\Component\Console\Input\ArgvInput), Object(Symfony\Component\Console\Output\ConsoleOutput))
#26 /var/www/avto-services/vendor/symfony/console/Application.php(117): Symfony\Component\Console\Application->doRun(Object(Symfony\Component\Console\Input\ArgvInput), Object(Symfony\Component\Console\Output\ConsoleOutput))
#27 /var/www/avto-services/vendor/laravel/framework/src/Illuminate/Foundation/Console/Kernel.php(107): Symfony\Component\Console\Application->run(Object(Symfony\Component\Console\Input\ArgvInput), Object(Symfony\Component\Console\Output\ConsoleOutput))
#28 /var/www/avto-services/artisan(36): Illuminate\Foundation\Console\Kernel->handle(Object(Symfony\Component\Console\Input\ArgvInput), Object(Symfony\Component\Console\Output\ConsoleOutput))
#29 {main}  
