[2016-06-18 09:27:15] local.ERROR: exception 'Symfony\Component\Console\Exception\CommandNotFoundException' with message 'Command "auth" is not defined.

Did you mean one of these?
    auth:clear-resets
    make:auth' in /var/www/avto-services/vendor/symfony/console/Application.php:512
Stack trace:
#0 /var/www/avto-services/vendor/symfony/console/Application.php(183): Symfony\Component\Console\Application->find('auth')
#1 /var/www/avto-services/vendor/symfony/console/Application.php(117): Symfony\Component\Console\Application->doRun(Object(Symfony\Component\Console\Input\ArgvInput), Object(Symfony\Component\Console\Output\ConsoleOutput))
#2 /var/www/avto-services/vendor/laravel/framework/src/Illuminate/Foundation/Console/Kernel.php(107): Symfony\Component\Console\Application->run(Object(Symfony\Component\Console\Input\ArgvInput), Object(Symfony\Component\Console\Output\ConsoleOutput))
#3 /var/www/avto-services/artisan(36): Illuminate\Foundation\Console\Kernel->handle(Object(Symfony\Component\Console\Input\ArgvInput), Object(Symfony\Component\Console\Output\ConsoleOutput))
#4 {main}  
[2016-06-18 09:58:55] local.ERROR: exception 'Symfony\Component\Console\Exception\CommandNotFoundException' with message 'Command "migration" is not defined.

Did you mean one of these?
    migrate
    migrate:refresh
    migrate:status
    migrate:reset
    migrate:rollback
    migrate:install
    make:migration' in /var/www/avto-services/vendor/symfony/console/Application.php:512
Stack trace:
#0 /var/www/avto-services/vendor/symfony/console/Application.php(183): Symfony\Component\Console\Application->find('migration')
#1 /var/www/avto-services/vendor/symfony/console/Application.php(117): Symfony\Component\Console\Application->doRun(Object(Symfony\Component\Console\Input\ArgvInput), Object(Symfony\Component\Console\Output\ConsoleOutput))
#2 /var/www/avto-services/vendor/laravel/framework/src/Illuminate/Foundation/Console/Kernel.php(107): Symfony\Component\Console\Application->run(Object(Symfony\Component\Console\Input\ArgvInput), Object(Symfony\Component\Console\Output\ConsoleOutput))
#3 /var/www/avto-services/artisan(36): Illuminate\Foundation\Console\Kernel->handle(Object(Symfony\Component\Console\Input\ArgvInput), Object(Symfony\Component\Console\Output\ConsoleOutput))
#4 {main}  
[2016-06-18 09:59:54] local.ERROR: exception 'Symfony\Component\Console\Exception\CommandNotFoundException' with message 'Command "migration" is not defined.

Did you mean one of these?
    migrate
    migrate:refresh
    migrate:status
    migrate:reset
    migrate:rollback
    migrate:install
    make:migration' in /var/www/avto-services/vendor/symfony/console/Application.php:512
Stack trace:
#0 /var/www/avto-services/vendor/symfony/console/Application.php(183): Symfony\Component\Console\Application->find('migration')
#1 /var/www/avto-services/vendor/symfony/console/Application.php(117): Symfony\Component\Console\Application->doRun(Object(Symfony\Component\Console\Input\ArgvInput), Object(Symfony\Component\Console\Output\ConsoleOutput))
#2 /var/www/avto-services/vendor/laravel/framework/src/Illuminate/Foundation/Console/Kernel.php(107): Symfony\Component\Console\Application->run(Object(Symfony\Component\Console\Input\ArgvInput), Object(Symfony\Component\Console\Output\ConsoleOutput))
#3 /var/www/avto-services/artisan(36): Illuminate\Foundation\Console\Kernel->handle(Object(Symfony\Component\Console\Input\ArgvInput), Object(Symfony\Component\Console\Output\ConsoleOutput))
#4 {main}  
[2016-06-18 12:14:02] local.ERROR: exception 'PDOException' with message 'SQLSTATE[42S21]: Column already exists: 1060 Duplicate column name 'is_admin'' in /var/www/avto-services/vendor/laravel/framework/src/Illuminate/Database/Connection.php:441
Stack trace:
#0 /var/www/avto-services/vendor/laravel/framework/src/Illuminate/Database/Connection.php(441): PDOStatement->execute(Array)
#1 /var/www/avto-services/vendor/laravel/framework/src/Illuminate/Database/Connection.php(706): Illuminate\Database\Connection->Illuminate\Database\{closure}(Object(Illuminate\Database\MySqlConnection), 'alter table `us...', Array)
#2 /var/www/avto-services/vendor/laravel/framework/src/Illuminate/Database/Connection.php(669): Illuminate\Database\Connection->runQueryCallback('alter table `us...', Array, Object(Closure))
#3 /var/www/avto-services/vendor/laravel/framework/src/Illuminate/Database/Connection.php(442): Illuminate\Database\Connection->run('alter table `us...', Array, Object(Closure))
#4 /var/www/avto-services/vendor/laravel/framework/src/Illuminate/Database/Schema/Blueprint.php(83): Illuminate\Database\Connection->statement('alter table `us...')
#5 /var/www/avto-services/vendor/laravel/framework/src/Illuminate/Database/Schema/Builder.php(229): Illuminate\Database\Schema\Blueprint->build(Object(Illuminate\Database\MySqlConnection), Object(Illuminate\Database\Schema\Grammars\MySqlGrammar))
#6 /var/www/avto-services/vendor/laravel/framework/src/Illuminate/Database/Schema/Builder.php(130): Illuminate\Database\Schema\Builder->build(Object(Illuminate\Database\Schema\Blueprint))
#7 /var/www/avto-services/vendor/laravel/framework/src/Illuminate/Support/Facades/Facade.php(219): Illuminate\Database\Schema\Builder->table('users', Object(Closure))
#8 /var/www/avto-services/database/migrations/2016_06_18_121112_add_column_is_admin_table_users.php(17): Illuminate\Support\Facades\Facade::__callStatic('table', Array)
#9 /var/www/avto-services/database/migrations/2016_06_18_121112_add_column_is_admin_table_users.php(17): Illuminate\Support\Facades\Schema::table('users', Object(Closure))
#10 /var/www/avto-services/vendor/laravel/framework/src/Illuminate/Database/Migrations/Migrator.php(147): AddColumnIsAdminTableUsers->up()
#11 /var/www/avto-services/vendor/laravel/framework/src/Illuminate/Database/Migrations/Migrator.php(117): Illuminate\Database\Migrations\Migrator->runUp('2016_06_18_1211...', 3, false)
#12 /var/www/avto-services/vendor/laravel/framework/src/Illuminate/Database/Migrations/Migrator.php(86): Illuminate\Database\Migrations\Migrator->runMigrationList(Array, Array)
#13 /var/www/avto-services/vendor/laravel/framework/src/Illuminate/Database/Console/Migrations/MigrateCommand.php(77): Illuminate\Database\Migrations\Migrator->run('/var/www/avto-s...', Array)
#14 [internal function]: Illuminate\Database\Console\Migrations\MigrateCommand->fire()
#15 /var/www/avto-services/vendor/laravel/framework/src/Illuminate/Container/Container.php(507): call_user_func_array(Array, Array)
#16 /var/www/avto-services/vendor/laravel/framework/src/Illuminate/Console/Command.php(169): Illuminate\Container\Container->call(Array)
#17 /var/www/avto-services/vendor/symfony/console/Command/Command.php(256): Illuminate\Console\Command->execute(Object(Symfony\Component\Console\Input\ArgvInput), Object(Symfony\Component\Console\Output\ConsoleOutput))
#18 /var/www/avto-services/vendor/laravel/framework/src/Illuminate/Console/Command.php(155): Symfony\Component\Console\Command\Command->run(Object(Symfony\Component\Console\Input\ArgvInput), Object(Symfony\Component\Console\Output\ConsoleOutput))
#19 /var/www/avto-services/vendor/symfony/console/Application.php(791): Illuminate\Console\Command->run(Object(Symfony\Component\Console\Input\ArgvInput), Object(Symfony\Component\Console\Output\ConsoleOutput))
#20 /var/www/avto-services/vendor/symfony/console/Application.php(186): Symfony\Component\Console\Application->doRunCommand(Object(Illuminate\Database\Console\Migrations\MigrateCommand), Object(Symfony\Component\Console\Input\ArgvInput), Object(Symfony\Component\Console\Output\ConsoleOutput))
#21 /var/www/avto-services/vendor/symfony/console/Application.php(117): Symfony\Component\Console\Application->doRun(Object(Symfony\Component\Console\Input\ArgvInput), Object(Symfony\Component\Console\Output\ConsoleOutput))
#22 /var/www/avto-services/vendor/laravel/framework/src/Illuminate/Foundation/Console/Kernel.php(107): Symfony\Component\Console\Application->run(Object(Symfony\Component\Console\Input\ArgvInput), Object(Symfony\Component\Console\Output\ConsoleOutput))
#23 /var/www/avto-services/artisan(36): Illuminate\Foundation\Console\Kernel->handle(Object(Symfony\Component\Console\Input\ArgvInput), Object(Symfony\Component\Console\Output\ConsoleOutput))
#24 {main}

Next exception 'Illuminate\Database\QueryException' with message 'SQLSTATE[42S21]: Column already exists: 1060 Duplicate column name 'is_admin' (SQL: alter table `users` add `is_admin` tinyint unsigned not null default '0')' in /var/www/avto-services/vendor/laravel/framework/src/Illuminate/Database/Connection.php:713
Stack trace:
#0 /var/www/avto-services/vendor/laravel/framework/src/Illuminate/Database/Connection.php(669): Illuminate\Database\Connection->runQueryCallback('alter table `us...', Array, Object(Closure))
#1 /var/www/avto-services/vendor/laravel/framework/src/Illuminate/Database/Connection.php(442): Illuminate\Database\Connection->run('alter table `us...', Array, Object(Closure))
#2 /var/www/avto-services/vendor/laravel/framework/src/Illuminate/Database/Schema/Blueprint.php(83): Illuminate\Database\Connection->statement('alter table `us...')
#3 /var/www/avto-services/vendor/laravel/framework/src/Illuminate/Database/Schema/Builder.php(229): Illuminate\Database\Schema\Blueprint->build(Object(Illuminate\Database\MySqlConnection), Object(Illuminate\Database\Schema\Grammars\MySqlGrammar))
#4 /var/www/avto-services/vendor/laravel/framework/src/Illuminate/Database/Schema/Builder.php(130): Illuminate\Database\Schema\Builder->build(Object(Illuminate\Database\Schema\Blueprint))
#5 /var/www/avto-services/vendor/laravel/framework/src/Illuminate/Support/Facades/Facade.php(219): Illuminate\Database\Schema\Builder->table('users', Object(Closure))
#6 /var/www/avto-services/database/migrations/2016_06_18_121112_add_column_is_admin_table_users.php(17): Illuminate\Support\Facades\Facade::__callStatic('table', Array)
#7 /var/www/avto-services/database/migrations/2016_06_18_121112_add_column_is_admin_table_users.php(17): Illuminate\Support\Facades\Schema::table('users', Object(Closure))
#8 /var/www/avto-services/vendor/laravel/framework/src/Illuminate/Database/Migrations/Migrator.php(147): AddColumnIsAdminTableUsers->up()
#9 /var/www/avto-services/vendor/laravel/framework/src/Illuminate/Database/Migrations/Migrator.php(117): Illuminate\Database\Migrations\Migrator->runUp('2016_06_18_1211...', 3, false)
#10 /var/www/avto-services/vendor/laravel/framework/src/Illuminate/Database/Migrations/Migrator.php(86): Illuminate\Database\Migrations\Migrator->runMigrationList(Array, Array)
#11 /var/www/avto-services/vendor/laravel/framework/src/Illuminate/Database/Console/Migrations/MigrateCommand.php(77): Illuminate\Database\Migrations\Migrator->run('/var/www/avto-s...', Array)
#12 [internal function]: Illuminate\Database\Console\Migrations\MigrateCommand->fire()
#13 /var/www/avto-services/vendor/laravel/framework/src/Illuminate/Container/Container.php(507): call_user_func_array(Array, Array)
#14 /var/www/avto-services/vendor/laravel/framework/src/Illuminate/Console/Command.php(169): Illuminate\Container\Container->call(Array)
#15 /var/www/avto-services/vendor/symfony/console/Command/Command.php(256): Illuminate\Console\Command->execute(Object(Symfony\Component\Console\Input\ArgvInput), Object(Symfony\Component\Console\Output\ConsoleOutput))
#16 /var/www/avto-services/vendor/laravel/framework/src/Illuminate/Console/Command.php(155): Symfony\Component\Console\Command\Command->run(Object(Symfony\Component\Console\Input\ArgvInput), Object(Symfony\Component\Console\Output\ConsoleOutput))
#17 /var/www/avto-services/vendor/symfony/console/Application.php(791): Illuminate\Console\Command->run(Object(Symfony\Component\Console\Input\ArgvInput), Object(Symfony\Component\Console\Output\ConsoleOutput))
#18 /var/www/avto-services/vendor/symfony/console/Application.php(186): Symfony\Component\Console\Application->doRunCommand(Object(Illuminate\Database\Console\Migrations\MigrateCommand), Object(Symfony\Component\Console\Input\ArgvInput), Object(Symfony\Component\Console\Output\ConsoleOutput))
#19 /var/www/avto-services/vendor/symfony/console/Application.php(117): Symfony\Component\Console\Application->doRun(Object(Symfony\Component\Console\Input\ArgvInput), Object(Symfony\Component\Console\Output\ConsoleOutput))
#20 /var/www/avto-services/vendor/laravel/framework/src/Illuminate/Foundation/Console/Kernel.php(107): Symfony\Component\Console\Application->run(Object(Symfony\Component\Console\Input\ArgvInput), Object(Symfony\Component\Console\Output\ConsoleOutput))
#21 /var/www/avto-services/artisan(36): Illuminate\Foundation\Console\Kernel->handle(Object(Symfony\Component\Console\Input\ArgvInput), Object(Symfony\Component\Console\Output\ConsoleOutput))
#22 {main}  
[2016-06-18 12:15:48] local.ERROR: exception 'PDOException' with message 'SQLSTATE[42S21]: Column already exists: 1060 Duplicate column name 'is_admin'' in /var/www/avto-services/vendor/laravel/framework/src/Illuminate/Database/Connection.php:441
Stack trace:
#0 /var/www/avto-services/vendor/laravel/framework/src/Illuminate/Database/Connection.php(441): PDOStatement->execute(Array)
#1 /var/www/avto-services/vendor/laravel/framework/src/Illuminate/Database/Connection.php(706): Illuminate\Database\Connection->Illuminate\Database\{closure}(Object(Illuminate\Database\MySqlConnection), 'alter table `us...', Array)
#2 /var/www/avto-services/vendor/laravel/framework/src/Illuminate/Database/Connection.php(669): Illuminate\Database\Connection->runQueryCallback('alter table `us...', Array, Object(Closure))
#3 /var/www/avto-services/vendor/laravel/framework/src/Illuminate/Database/Connection.php(442): Illuminate\Database\Connection->run('alter table `us...', Array, Object(Closure))
#4 /var/www/avto-services/vendor/laravel/framework/src/Illuminate/Database/Schema/Blueprint.php(83): Illuminate\Database\Connection->statement('alter table `us...')
#5 /var/www/avto-services/vendor/laravel/framework/src/Illuminate/Database/Schema/Builder.php(229): Illuminate\Database\Schema\Blueprint->build(Object(Illuminate\Database\MySqlConnection), Object(Illuminate\Database\Schema\Grammars\MySqlGrammar))
#6 /var/www/avto-services/vendor/laravel/framework/src/Illuminate/Database/Schema/Builder.php(130): Illuminate\Database\Schema\Builder->build(Object(Illuminate\Database\Schema\Blueprint))
#7 /var/www/avto-services/vendor/laravel/framework/src/Illuminate/Support/Facades/Facade.php(219): Illuminate\Database\Schema\Builder->table('users', Object(Closure))
#8 /var/www/avto-services/database/migrations/2016_06_18_121112_add_column_is_admin_table_users.php(17): Illuminate\Support\Facades\Facade::__callStatic('table', Array)
#9 /var/www/avto-services/database/migrations/2016_06_18_121112_add_column_is_admin_table_users.php(17): Illuminate\Support\Facades\Schema::table('users', Object(Closure))
#10 /var/www/avto-services/vendor/laravel/framework/src/Illuminate/Database/Migrations/Migrator.php(147): AddColumnIsAdminTableUsers->up()
#11 /var/www/avto-services/vendor/laravel/framework/src/Illuminate/Database/Migrations/Migrator.php(117): Illuminate\Database\Migrations\Migrator->runUp('2016_06_18_1211...', 3, false)
#12 /var/www/avto-services/vendor/laravel/framework/src/Illuminate/Database/Migrations/Migrator.php(86): Illuminate\Database\Migrations\Migrator->runMigrationList(Array, Array)
#13 /var/www/avto-services/vendor/laravel/framework/src/Illuminate/Database/Console/Migrations/MigrateCommand.php(77): Illuminate\Database\Migrations\Migrator->run('/var/www/avto-s...', Array)
#14 [internal function]: Illuminate\Database\Console\Migrations\MigrateCommand->fire()
#15 /var/www/avto-services/vendor/laravel/framework/src/Illuminate/Container/Container.php(507): call_user_func_array(Array, Array)
#16 /var/www/avto-services/vendor/laravel/framework/src/Illuminate/Console/Command.php(169): Illuminate\Container\Container->call(Array)
#17 /var/www/avto-services/vendor/symfony/console/Command/Command.php(256): Illuminate\Console\Command->execute(Object(Symfony\Component\Console\Input\ArgvInput), Object(Symfony\Component\Console\Output\ConsoleOutput))
#18 /var/www/avto-services/vendor/laravel/framework/src/Illuminate/Console/Command.php(155): Symfony\Component\Console\Command\Command->run(Object(Symfony\Component\Console\Input\ArgvInput), Object(Symfony\Component\Console\Output\ConsoleOutput))
#19 /var/www/avto-services/vendor/symfony/console/Application.php(791): Illuminate\Console\Command->run(Object(Symfony\Component\Console\Input\ArgvInput), Object(Symfony\Component\Console\Output\ConsoleOutput))
#20 /var/www/avto-services/vendor/symfony/console/Application.php(186): Symfony\Component\Console\Application->doRunCommand(Object(Illuminate\Database\Console\Migrations\MigrateCommand), Object(Symfony\Component\Console\Input\ArgvInput), Object(Symfony\Component\Console\Output\ConsoleOutput))
#21 /var/www/avto-services/vendor/symfony/console/Application.php(117): Symfony\Component\Console\Application->doRun(Object(Symfony\Component\Console\Input\ArgvInput), Object(Symfony\Component\Console\Output\ConsoleOutput))
#22 /var/www/avto-services/vendor/laravel/framework/src/Illuminate/Foundation/Console/Kernel.php(107): Symfony\Component\Console\Application->run(Object(Symfony\Component\Console\Input\ArgvInput), Object(Symfony\Component\Console\Output\ConsoleOutput))
#23 /var/www/avto-services/artisan(36): Illuminate\Foundation\Console\Kernel->handle(Object(Symfony\Component\Console\Input\ArgvInput), Object(Symfony\Component\Console\Output\ConsoleOutput))
#24 {main}

Next exception 'Illuminate\Database\QueryException' with message 'SQLSTATE[42S21]: Column already exists: 1060 Duplicate column name 'is_admin' (SQL: alter table `users` add `is_admin` tinyint unsigned not null default '0' after `password`)' in /var/www/avto-services/vendor/laravel/framework/src/Illuminate/Database/Connection.php:713
Stack trace:
#0 /var/www/avto-services/vendor/laravel/framework/src/Illuminate/Database/Connection.php(669): Illuminate\Database\Connection->runQueryCallback('alter table `us...', Array, Object(Closure))
#1 /var/www/avto-services/vendor/laravel/framework/src/Illuminate/Database/Connection.php(442): Illuminate\Database\Connection->run('alter table `us...', Array, Object(Closure))
#2 /var/www/avto-services/vendor/laravel/framework/src/Illuminate/Database/Schema/Blueprint.php(83): Illuminate\Database\Connection->statement('alter table `us...')
#3 /var/www/avto-services/vendor/laravel/framework/src/Illuminate/Database/Schema/Builder.php(229): Illuminate\Database\Schema\Blueprint->build(Object(Illuminate\Database\MySqlConnection), Object(Illuminate\Database\Schema\Grammars\MySqlGrammar))
#4 /var/www/avto-services/vendor/laravel/framework/src/Illuminate/Database/Schema/Builder.php(130): Illuminate\Database\Schema\Builder->build(Object(Illuminate\Database\Schema\Blueprint))
#5 /var/www/avto-services/vendor/laravel/framework/src/Illuminate/Support/Facades/Facade.php(219): Illuminate\Database\Schema\Builder->table('users', Object(Closure))
#6 /var/www/avto-services/database/migrations/2016_06_18_121112_add_column_is_admin_table_users.php(17): Illuminate\Support\Facades\Facade::__callStatic('table', Array)
#7 /var/www/avto-services/database/migrations/2016_06_18_121112_add_column_is_admin_table_users.php(17): Illuminate\Support\Facades\Schema::table('users', Object(Closure))
#8 /var/www/avto-services/vendor/laravel/framework/src/Illuminate/Database/Migrations/Migrator.php(147): AddColumnIsAdminTableUsers->up()
#9 /var/www/avto-services/vendor/laravel/framework/src/Illuminate/Database/Migrations/Migrator.php(117): Illuminate\Database\Migrations\Migrator->runUp('2016_06_18_1211...', 3, false)
#10 /var/www/avto-services/vendor/laravel/framework/src/Illuminate/Database/Migrations/Migrator.php(86): Illuminate\Database\Migrations\Migrator->runMigrationList(Array, Array)
#11 /var/www/avto-services/vendor/laravel/framework/src/Illuminate/Database/Console/Migrations/MigrateCommand.php(77): Illuminate\Database\Migrations\Migrator->run('/var/www/avto-s...', Array)
#12 [internal function]: Illuminate\Database\Console\Migrations\MigrateCommand->fire()
#13 /var/www/avto-services/vendor/laravel/framework/src/Illuminate/Container/Container.php(507): call_user_func_array(Array, Array)
#14 /var/www/avto-services/vendor/laravel/framework/src/Illuminate/Console/Command.php(169): Illuminate\Container\Container->call(Array)
#15 /var/www/avto-services/vendor/symfony/console/Command/Command.php(256): Illuminate\Console\Command->execute(Object(Symfony\Component\Console\Input\ArgvInput), Object(Symfony\Component\Console\Output\ConsoleOutput))
#16 /var/www/avto-services/vendor/laravel/framework/src/Illuminate/Console/Command.php(155): Symfony\Component\Console\Command\Command->run(Object(Symfony\Component\Console\Input\ArgvInput), Object(Symfony\Component\Console\Output\ConsoleOutput))
#17 /var/www/avto-services/vendor/symfony/console/Application.php(791): Illuminate\Console\Command->run(Object(Symfony\Component\Console\Input\ArgvInput), Object(Symfony\Component\Console\Output\ConsoleOutput))
#18 /var/www/avto-services/vendor/symfony/console/Application.php(186): Symfony\Component\Console\Application->doRunCommand(Object(Illuminate\Database\Console\Migrations\MigrateCommand), Object(Symfony\Component\Console\Input\ArgvInput), Object(Symfony\Component\Console\Output\ConsoleOutput))
#19 /var/www/avto-services/vendor/symfony/console/Application.php(117): Symfony\Component\Console\Application->doRun(Object(Symfony\Component\Console\Input\ArgvInput), Object(Symfony\Component\Console\Output\ConsoleOutput))
#20 /var/www/avto-services/vendor/laravel/framework/src/Illuminate/Foundation/Console/Kernel.php(107): Symfony\Component\Console\Application->run(Object(Symfony\Component\Console\Input\ArgvInput), Object(Symfony\Component\Console\Output\ConsoleOutput))
#21 /var/www/avto-services/artisan(36): Illuminate\Foundation\Console\Kernel->handle(Object(Symfony\Component\Console\Input\ArgvInput), Object(Symfony\Component\Console\Output\ConsoleOutput))
#22 {main}  
